0 info it worked if it ends with ok
1 verbose cli [ 'C:\\Program Files\\nodejs\\node.exe',
1 verbose cli   'C:\\Program Files\\nodejs\\node_modules\\npm\\bin\\npm-cli.js',
1 verbose cli   'start' ]
2 info using npm@4.1.2
3 info using node@v7.5.0
4 verbose run-script [ 'prestart', 'start', 'poststart' ]
5 info lifecycle node-mocha-chai-typescript-seed@1.0.0~prestart: node-mocha-chai-typescript-seed@1.0.0
6 silly lifecycle node-mocha-chai-typescript-seed@1.0.0~prestart: no script for prestart, continuing
7 info lifecycle node-mocha-chai-typescript-seed@1.0.0~start: node-mocha-chai-typescript-seed@1.0.0
8 verbose lifecycle node-mocha-chai-typescript-seed@1.0.0~start: unsafe-perm in lifecycle true
9 verbose lifecycle node-mocha-chai-typescript-seed@1.0.0~start: PATH: C:\Users\Vitali_Haradkou\AppData\Roaming\nvm\v7.5.0\node_modules\npm\bin\node-gyp-bin;D:\github\TestProject\node_modules\.bin;C:\ProgramData\Oracle\Java\javapath;C:\WINDOWS\system32;C:\WINDOWS;C:\WINDOWS\System32\Wbem;C:\WINDOWS\System32\WindowsPowerShell\v1.0\;C:\Program Files\TortoiseSVN\bin;C:\Program Files (x86)\Skype\Phone\;C:\Program Files\TortoiseGit\bin;C:\Program Files\Git\cmd;C:\Users\Vitali_Haradkou\AppData\Roaming\nvm;C:\Program Files\nodejs;C:\Program Files\dotnet\;C:\Program Files\Microsoft SQL Server\130\Tools\Binn\;C:\Program Files\PuTTY\;C:\Program Files (x86)\Windows Kits\8.1\Windows Performance Toolkit\;C:\Users\Vitali_Haradkou\AppData\Local\Microsoft\WindowsApps;C:\Users\Vitali_Haradkou\AppData\Roaming\npm;C:\Users\Vitali_Haradkou\AppData\Roaming\nvm;C:\Program Files\nodejs;C:\Program Files\Microsoft VS Code\bin;C:\drivers\geckodriver;C:\drivers\chromedriver;
10 verbose lifecycle node-mocha-chai-typescript-seed@1.0.0~start: CWD: D:\github\TestProject
11 silly lifecycle node-mocha-chai-typescript-seed@1.0.0~start: Args: [ '/d /s /c', 'ts-node index.ts' ]
12 silly lifecycle node-mocha-chai-typescript-seed@1.0.0~start: Returned: code: 1  signal: null
13 info lifecycle node-mocha-chai-typescript-seed@1.0.0~start: Failed to exec start script
14 verbose stack Error: node-mocha-chai-typescript-seed@1.0.0 start: `ts-node index.ts`
14 verbose stack Exit status 1
14 verbose stack     at EventEmitter.<anonymous> (C:\Users\Vitali_Haradkou\AppData\Roaming\nvm\v7.5.0\node_modules\npm\lib\utils\lifecycle.js:279:16)
14 verbose stack     at emitTwo (events.js:106:13)
14 verbose stack     at EventEmitter.emit (events.js:192:7)
14 verbose stack     at ChildProcess.<anonymous> (C:\Users\Vitali_Haradkou\AppData\Roaming\nvm\v7.5.0\node_modules\npm\lib\utils\spawn.js:40:14)
14 verbose stack     at emitTwo (events.js:106:13)
14 verbose stack     at ChildProcess.emit (events.js:192:7)
14 verbose stack     at maybeClose (internal/child_process.js:890:16)
14 verbose stack     at Process.ChildProcess._handle.onexit (internal/child_process.js:226:5)
15 verbose pkgid node-mocha-chai-typescript-seed@1.0.0
16 verbose cwd D:\github\TestProject
17 error Windows_NT 10.0.15063
18 error argv "C:\\Program Files\\nodejs\\node.exe" "C:\\Program Files\\nodejs\\node_modules\\npm\\bin\\npm-cli.js" "start"
19 error node v7.5.0
20 error npm  v4.1.2
21 error code ELIFECYCLE
22 error node-mocha-chai-typescript-seed@1.0.0 start: `ts-node index.ts`
22 error Exit status 1
23 error Failed at the node-mocha-chai-typescript-seed@1.0.0 start script 'ts-node index.ts'.
23 error Make sure you have the latest version of node.js and npm installed.
23 error If you do, this is most likely a problem with the node-mocha-chai-typescript-seed package,
23 error not with npm itself.
23 error Tell the author that this fails on your system:
23 error     ts-node index.ts
23 error You can get information on how to open an issue for this project with:
23 error     npm bugs node-mocha-chai-typescript-seed
23 error Or if that isn't available, you can get their info via:
23 error     npm owner ls node-mocha-chai-typescript-seed
23 error There is likely additional logging output above.
24 verbose exit [ 1, true ]
