0 info it worked if it ends with ok
1 verbose cli [ 'C:\\Program Files\\nodejs\\node.exe',
1 verbose cli   'C:\\Program Files\\nodejs\\node_modules\\npm\\bin\\npm-cli.js',
1 verbose cli   'run',
1 verbose cli   'test' ]
2 info using npm@3.8.6
3 info using node@v6.0.0
4 verbose run-script [ 'pretest', 'test', 'posttest' ]
5 info lifecycle protractor-typescript-cucumber@3.0.0~pretest: protractor-typescript-cucumber@3.0.0
6 silly lifecycle protractor-typescript-cucumber@3.0.0~pretest: no script for pretest, continuing
7 info lifecycle protractor-typescript-cucumber@3.0.0~test: protractor-typescript-cucumber@3.0.0
8 verbose lifecycle protractor-typescript-cucumber@3.0.0~test: unsafe-perm in lifecycle true
9 verbose lifecycle protractor-typescript-cucumber@3.0.0~test: PATH: C:\Users\Vitali_Haradkou\AppData\Roaming\nvm\v6.0.0\node_modules\npm\bin\node-gyp-bin;D:\github\TestProject\slenium - po\node_modules\.bin;C:\Program Files\nodejs;C:\ProgramData\Oracle\Java\javapath;C:\WINDOWS\system32;C:\WINDOWS;C:\WINDOWS\System32\Wbem;C:\WINDOWS\System32\WindowsPowerShell\v1.0\;C:\Program Files\TortoiseSVN\bin;C:\Program Files (x86)\Skype\Phone\;C:\Program Files\TortoiseGit\bin;C:\Program Files\Git\cmd;C:\Users\Vitali_Haradkou\AppData\Roaming\nvm;C:\Program Files\nodejs;C:\Program Files\dotnet\;C:\Program Files\Microsoft SQL Server\130\Tools\Binn\;C:\Program Files\PuTTY\;C:\Program Files (x86)\Windows Kits\8.1\Windows Performance Toolkit\;C:\Users\Vitali_Haradkou\AppData\Local\Microsoft\WindowsApps;C:\Users\Vitali_Haradkou\AppData\Roaming\npm;C:\Users\Vitali_Haradkou\AppData\Roaming\nvm;C:\Program Files\nodejs;C:\Program Files\Microsoft VS Code\bin;C:\drivers\geckodriver;C:\drivers\chromedriver;
10 verbose lifecycle protractor-typescript-cucumber@3.0.0~test: CWD: D:\github\TestProject\slenium - po
11 silly lifecycle protractor-typescript-cucumber@3.0.0~test: Args: [ '/d /s /c', 'protractor typeScript/config/config.js' ]
12 silly lifecycle protractor-typescript-cucumber@3.0.0~test: Returned: code: 1  signal: null
13 info lifecycle protractor-typescript-cucumber@3.0.0~test: Failed to exec test script
14 verbose stack Error: protractor-typescript-cucumber@3.0.0 test: `protractor typeScript/config/config.js`
14 verbose stack Exit status 1
14 verbose stack     at EventEmitter.<anonymous> (C:\Users\Vitali_Haradkou\AppData\Roaming\nvm\v6.0.0\node_modules\npm\lib\utils\lifecycle.js:239:16)
14 verbose stack     at emitTwo (events.js:106:13)
14 verbose stack     at EventEmitter.emit (events.js:191:7)
14 verbose stack     at ChildProcess.<anonymous> (C:\Users\Vitali_Haradkou\AppData\Roaming\nvm\v6.0.0\node_modules\npm\lib\utils\spawn.js:24:14)
14 verbose stack     at emitTwo (events.js:106:13)
14 verbose stack     at ChildProcess.emit (events.js:191:7)
14 verbose stack     at maybeClose (internal/child_process.js:850:16)
14 verbose stack     at Process.ChildProcess._handle.onexit (internal/child_process.js:215:5)
15 verbose pkgid protractor-typescript-cucumber@3.0.0
16 verbose cwd D:\github\TestProject\slenium - po
17 error Windows_NT 10.0.15063
18 error argv "C:\\Program Files\\nodejs\\node.exe" "C:\\Program Files\\nodejs\\node_modules\\npm\\bin\\npm-cli.js" "run" "test"
19 error node v6.0.0
20 error npm  v3.8.6
21 error code ELIFECYCLE
22 error protractor-typescript-cucumber@3.0.0 test: `protractor typeScript/config/config.js`
22 error Exit status 1
23 error Failed at the protractor-typescript-cucumber@3.0.0 test script 'protractor typeScript/config/config.js'.
23 error Make sure you have the latest version of node.js and npm installed.
23 error If you do, this is most likely a problem with the protractor-typescript-cucumber package,
23 error not with npm itself.
23 error Tell the author that this fails on your system:
23 error     protractor typeScript/config/config.js
23 error You can get information on how to open an issue for this project with:
23 error     npm bugs protractor-typescript-cucumber
23 error Or if that isn't available, you can get their info via:
23 error     npm owner ls protractor-typescript-cucumber
23 error There is likely additional logging output above.
24 verbose exit [ 1, true ]
